0 info it worked if it ends with ok
1 verbose cli [ '/usr/local/bin/node',
1 verbose cli   '/usr/local/bin/npm',
1 verbose cli   'install',
1 verbose cli   '-g',
1 verbose cli   'ios-deploy' ]
2 info using npm@3.5.2
3 info using node@v4.2.4
4 silly loadCurrentTree Starting
5 silly install loadCurrentTree
6 silly install readGlobalPackageData
7 silly fetchPackageMetaData ios-deploy
8 silly fetchNamedPackageData ios-deploy
9 silly mapToRegistry name ios-deploy
10 silly mapToRegistry using default registry
11 silly mapToRegistry registry https://registry.npmjs.org/
12 silly mapToRegistry uri https://registry.npmjs.org/ios-deploy
13 verbose request uri https://registry.npmjs.org/ios-deploy
14 verbose request no auth needed
15 info attempt registry request try #1 at 4:45:41 PM
16 verbose request id e488eb6898256f54
17 verbose etag "5ALDUQ1GLDBEYMDJK8RUMV18V"
18 http request GET https://registry.npmjs.org/ios-deploy
19 http 304 https://registry.npmjs.org/ios-deploy
20 verbose headers { date: 'Sun, 05 Jun 2016 21:45:41 GMT',
20 verbose headers   via: '1.1 varnish',
20 verbose headers   'cache-control': 'max-age=300',
20 verbose headers   etag: '"5ALDUQ1GLDBEYMDJK8RUMV18V"',
20 verbose headers   age: '0',
20 verbose headers   connection: 'keep-alive',
20 verbose headers   'x-served-by': 'cache-dfw1827-DFW',
20 verbose headers   'x-cache': 'HIT',
20 verbose headers   'x-cache-hits': '1',
20 verbose headers   'x-timer': 'S1465163141.596218,VS0,VE243',
20 verbose headers   vary: 'Accept-Encoding' }
21 silly get cb [ 304,
21 silly get   { date: 'Sun, 05 Jun 2016 21:45:41 GMT',
21 silly get     via: '1.1 varnish',
21 silly get     'cache-control': 'max-age=300',
21 silly get     etag: '"5ALDUQ1GLDBEYMDJK8RUMV18V"',
21 silly get     age: '0',
21 silly get     connection: 'keep-alive',
21 silly get     'x-served-by': 'cache-dfw1827-DFW',
21 silly get     'x-cache': 'HIT',
21 silly get     'x-cache-hits': '1',
21 silly get     'x-timer': 'S1465163141.596218,VS0,VE243',
21 silly get     vary: 'Accept-Encoding' } ]
22 verbose etag https://registry.npmjs.org/ios-deploy from cache
23 verbose get saving ios-deploy to /Users/Blair/.npm/registry.npmjs.org/ios-deploy/.cache.json
24 silly install normalizeTree
25 silly loadCurrentTree Finishing
26 silly loadIdealTree Starting
27 silly install loadIdealTree
28 silly cloneCurrentTree Starting
29 silly install cloneCurrentTreeToIdealTree
30 silly cloneCurrentTree Finishing
31 silly loadShrinkwrap Starting
32 silly install loadShrinkwrap
33 silly loadShrinkwrap Finishing
34 silly loadAllDepsIntoIdealTree Starting
35 silly install loadAllDepsIntoIdealTree
36 silly resolveWithNewModule ios-deploy@1.8.6 checking installable status
37 silly cache add args [ 'ios-deploy', null ]
38 verbose cache add spec ios-deploy
39 silly cache add parsed spec Result {
39 silly cache add   raw: 'ios-deploy',
39 silly cache add   scope: null,
39 silly cache add   name: 'ios-deploy',
39 silly cache add   rawSpec: '',
39 silly cache add   spec: 'latest',
39 silly cache add   type: 'tag' }
40 silly addNamed ios-deploy@latest
41 verbose addNamed "latest" is being treated as a dist-tag for ios-deploy
42 info addNameTag [ 'ios-deploy', 'latest' ]
43 silly mapToRegistry name ios-deploy
44 silly mapToRegistry using default registry
45 silly mapToRegistry registry https://registry.npmjs.org/
46 silly mapToRegistry uri https://registry.npmjs.org/ios-deploy
47 verbose addNameTag registry:https://registry.npmjs.org/ios-deploy not in flight; fetching
48 verbose get https://registry.npmjs.org/ios-deploy not expired, no request
49 silly addNameTag next cb for ios-deploy with tag latest
50 silly addNamed ios-deploy@1.8.6
51 verbose addNamed "1.8.6" is a plain semver version for ios-deploy
52 silly cache afterAdd ios-deploy@1.8.6
53 verbose afterAdd /Users/Blair/.npm/ios-deploy/1.8.6/package/package.json not in flight; writing
54 verbose afterAdd /Users/Blair/.npm/ios-deploy/1.8.6/package/package.json written
55 silly loadAllDepsIntoIdealTree Finishing
56 silly idealTree:prePrune lib
56 silly idealTree:prePrune └── ios-deploy@1.8.6
57 silly loadIdealTree Finishing
58 silly currentTree lib
59 silly idealTree lib
59 silly idealTree └── ios-deploy@1.8.6
60 silly generateActionsToTake Starting
61 silly install generateActionsToTake
62 silly generateActionsToTake Finishing
63 silly diffTrees action count 1
64 silly diffTrees add ios-deploy@1.8.6
65 silly decomposeActions action count 8
66 silly decomposeActions fetch ios-deploy@1.8.6
67 silly decomposeActions extract ios-deploy@1.8.6
68 silly decomposeActions test ios-deploy@1.8.6
69 silly decomposeActions preinstall ios-deploy@1.8.6
70 silly decomposeActions build ios-deploy@1.8.6
71 silly decomposeActions install ios-deploy@1.8.6
72 silly decomposeActions postinstall ios-deploy@1.8.6
73 silly decomposeActions finalize ios-deploy@1.8.6
74 silly executeActions Starting
75 silly install executeActions
76 silly doSerial global-install 0
77 silly doParallel fetch 1
78 verbose lock using /Users/Blair/.npm/_locks/staging-3a08f0df5026584d.lock for /usr/local/lib/node_modules/.staging
79 silly doParallel extract 1
80 silly extract ios-deploy@1.8.6
81 verbose unbuild lib/node_modules/.staging/ios-deploy-298c9491
82 silly gentlyRm /usr/local/lib/node_modules/.staging/ios-deploy-298c9491 is being purged from base /usr/local
83 verbose gentlyRm don't care about contents; nuking /usr/local/lib/node_modules/.staging/ios-deploy-298c9491
84 verbose tar unpack /Users/Blair/.npm/ios-deploy/1.8.6/package.tgz
85 verbose tar unpacking to /usr/local/lib/node_modules/.staging/ios-deploy-298c9491
86 silly gentlyRm /usr/local/lib/node_modules/.staging/ios-deploy-298c9491 is being purged
87 verbose gentlyRm don't care about contents; nuking /usr/local/lib/node_modules/.staging/ios-deploy-298c9491
88 silly gunzTarPerm modes [ '755', '644' ]
89 silly gunzTarPerm extractEntry package.json
90 silly gunzTarPerm extractEntry .npmignore
91 silly gunzTarPerm extractEntry README.md
92 silly gunzTarPerm extractEntry LICENSE
93 silly gunzTarPerm extractEntry CONTRIBUTING.md
94 silly gunzTarPerm extractEntry demo/.npmignore
95 silly gunzTarPerm extractEntry demo/Entitlements.plist
96 silly gunzTarPerm extractEntry demo/Info.plist
97 silly gunzTarPerm extractEntry demo/Makefile
98 silly gunzTarPerm extractEntry demo/ResourceRules.plist
99 silly gunzTarPerm extractEntry demo/demo.c
100 silly gunzTarPerm extractEntry ios-deploy.xcodeproj/project.pbxproj
101 silly gunzTarPerm extractEntry ios-deploy.xcodeproj/project.xcworkspace/xcuserdata/shaz.xcuserdatad/UserInterfaceState.xcuserstate
102 silly gunzTarPerm extractEntry ios-deploy.xcodeproj/xcshareddata/xcschemes/ios-deploy-tests.xcscheme
103 silly gunzTarPerm extractEntry ios-deploy.xcodeproj/xcuserdata/shaz.xcuserdatad/xcschemes/ios-deploy-lib.xcscheme
104 silly gunzTarPerm extractEntry ios-deploy.xcodeproj/xcuserdata/shaz.xcuserdatad/xcschemes/ios-deploy.xcscheme
105 silly gunzTarPerm extractEntry ios-deploy.xcodeproj/xcuserdata/shaz.xcuserdatad/xcschemes/xcschememanagement.plist
106 silly gunzTarPerm extractEntry src/ios-deploy/MobileDevice.h
107 silly gunzTarPerm extractEntry src/ios-deploy/errors.h
108 silly gunzTarPerm extractEntry src/ios-deploy/ios-deploy.m
109 silly gunzTarPerm extractEntry src/ios-deploy/version.h
110 silly gunzTarPerm extractEntry src/ios-deploy-lib/libios_deploy.h
111 silly gunzTarPerm extractEntry src/ios-deploy-lib/libios_deploy.m
112 silly gunzTarPerm extractEntry src/ios-deploy-tests/Info.plist
113 silly gunzTarPerm extractEntry src/ios-deploy-tests/ios_deploy_tests.m
114 silly gunzTarPerm extractEntry src/scripts/check_reqs.js
115 silly gunzTarPerm extractEntry src/scripts/lldb.py
116 silly gentlyRm /usr/local/lib/node_modules/.staging/ios-deploy-298c9491/node_modules is being purged
117 verbose gentlyRm don't care about contents; nuking /usr/local/lib/node_modules/.staging/ios-deploy-298c9491/node_modules
118 silly doParallel preinstall 1
119 silly preinstall ios-deploy@1.8.6 /usr/local/lib/node_modules/.staging/ios-deploy-298c9491
120 info lifecycle ios-deploy@1.8.6~preinstall: ios-deploy@1.8.6
121 warn lifecycle ios-deploy@1.8.6~preinstall: cannot run in wd %s %s (wd=%s) ios-deploy@1.8.6 ./src/scripts/check_reqs.js && xcodebuild /usr/local/lib/node_modules/.staging/ios-deploy-298c9491
122 silly doReverseSerial remove 0
123 silly doSerial move 0
124 silly doSerial finalize 1
125 silly finalize /usr/local/lib/node_modules/ios-deploy
126 silly doSerial build 1
127 silly build ios-deploy@1.8.6
128 info linkStuff ios-deploy@1.8.6
129 silly linkStuff ios-deploy@1.8.6 has /usr/local/lib/node_modules as its parent node_modules
130 silly linkStuff ios-deploy@1.8.6 is part of a global install
131 silly linkStuff ios-deploy@1.8.6 is installed into a global node_modules
132 silly linkStuff ios-deploy@1.8.6 is installed into the top-level global node_modules
133 verbose linkBins ios-deploy@1.8.6
134 verbose link bins [ { 'ios-deploy': './build/Release/ios-deploy' },
134 verbose link bins   '/usr/local/bin',
134 verbose link bins   true ]
135 verbose linkMans ios-deploy@1.8.6
136 verbose unlock done using /Users/Blair/.npm/_locks/staging-3a08f0df5026584d.lock for /usr/local/lib/node_modules/.staging
137 silly rollbackFailedOptional Starting
138 silly rollbackFailedOptional Finishing
139 silly runTopLevelLifecycles Starting
140 silly runTopLevelLifecycles Finishing
141 silly install printInstalled
142 verbose stack Error: ENOENT: no such file or directory, chmod '/usr/local/lib/node_modules/ios-deploy/build/Release/ios-deploy'
142 verbose stack     at Error (native)
143 verbose cwd /Users/Blair/workspace/weatherApp
144 error Darwin 15.4.0
145 error argv "/usr/local/bin/node" "/usr/local/bin/npm" "install" "-g" "ios-deploy"
146 error node v4.2.4
147 error npm  v3.5.2
148 error path /usr/local/lib/node_modules/ios-deploy/build/Release/ios-deploy
149 error code ENOENT
150 error errno -2
151 error syscall chmod
152 error enoent ENOENT: no such file or directory, chmod '/usr/local/lib/node_modules/ios-deploy/build/Release/ios-deploy'
153 error enoent ENOENT: no such file or directory, chmod '/usr/local/lib/node_modules/ios-deploy/build/Release/ios-deploy'
153 error enoent This is most likely not a problem with npm itself
153 error enoent and is related to npm not being able to find a file.
154 verbose exit [ -2, true ]
